<?xml version="1.0" encoding="UTF-8"?>
<testng-results skipped="0" failed="2" total="204" passed="202">
  <reporter-output>
  </reporter-output>
  <suite name="Default suite" duration-ms="525" started-at="2014-11-12T13:43:24Z" finished-at="2014-11-12T13:43:25Z">
    <groups>
    </groups>
    <test name="Default test" duration-ms="525" started-at="2014-11-12T13:43:24Z" finished-at="2014-11-12T13:43:25Z">
      <class name="cviceni.Ukol2Test">
        <test-method status="PASS" signature="init()[pri:0, instance:cviceni.Ukol2Test@769c9116]" name="init" is-config="true" duration-ms="11" started-at="2014-11-12T14:43:24Z" finished-at="2014-11-12T14:43:24Z">
          <reporter-output>
          </reporter-output>
        </test-method> <!-- init -->
        <test-method status="PASS" signature="testKrat(int, int, int)[pri:0, instance:cviceni.Ukol2Test@769c9116]" name="testKrat" duration-ms="13" started-at="2014-11-12T14:43:24Z" data-provider="kratProvider" finished-at="2014-11-12T14:43:24Z">
          <params>
            <param index="0">
              <value>
                <![CDATA[2]]>
              </value>
            </param>
            <param index="1">
              <value>
                <![CDATA[3]]>
              </value>
            </param>
            <param index="2">
              <value>
                <![CDATA[6]]>
              </value>
            </param>
          </params>
          <reporter-output>
          </reporter-output>
        </test-method> <!-- testKrat -->
        <test-method status="PASS" signature="testKrat(int, int, int)[pri:0, instance:cviceni.Ukol2Test@769c9116]" name="testKrat" duration-ms="1" started-at="2014-11-12T14:43:24Z" data-provider="kratProvider" finished-at="2014-11-12T14:43:24Z">
          <params>
            <param index="0">
              <value>
                <![CDATA[0]]>
              </value>
            </param>
            <param index="1">
              <value>
                <![CDATA[3]]>
              </value>
            </param>
            <param index="2">
              <value>
                <![CDATA[0]]>
              </value>
            </param>
          </params>
          <reporter-output>
          </reporter-output>
        </test-method> <!-- testKrat -->
        <test-method status="PASS" signature="testKrat(int, int, int)[pri:0, instance:cviceni.Ukol2Test@769c9116]" name="testKrat" duration-ms="1" started-at="2014-11-12T14:43:24Z" data-provider="kratProvider" finished-at="2014-11-12T14:43:24Z">
          <params>
            <param index="0">
              <value>
                <![CDATA[-1]]>
              </value>
            </param>
            <param index="1">
              <value>
                <![CDATA[-1]]>
              </value>
            </param>
            <param index="2">
              <value>
                <![CDATA[1]]>
              </value>
            </param>
          </params>
          <reporter-output>
          </reporter-output>
        </test-method> <!-- testKrat -->
        <test-method status="PASS" signature="testKrat(int, int, int)[pri:0, instance:cviceni.Ukol2Test@769c9116]" name="testKrat" duration-ms="70" started-at="2014-11-12T14:43:24Z" data-provider="kratProvider" finished-at="2014-11-12T14:43:24Z">
          <params>
            <param index="0">
              <value>
                <![CDATA[1000000000]]>
              </value>
            </param>
            <param index="1">
              <value>
                <![CDATA[1]]>
              </value>
            </param>
            <param index="2">
              <value>
                <![CDATA[1000000000]]>
              </value>
            </param>
          </params>
          <reporter-output>
          </reporter-output>
        </test-method> <!-- testKrat -->
        <test-method status="PASS" signature="testThreadSafe1()[pri:0, instance:cviceni.Ukol2Test@769c9116]" name="testThreadSafe1" duration-ms="2" started-at="2014-11-12T14:43:24Z" finished-at="2014-11-12T14:43:24Z">
          <reporter-output>
          </reporter-output>
        </test-method> <!-- testThreadSafe1 -->
        <test-method status="PASS" signature="testThreadSafe1()[pri:0, instance:cviceni.Ukol2Test@769c9116]" name="testThreadSafe1" duration-ms="6" started-at="2014-11-12T14:43:24Z" finished-at="2014-11-12T14:43:24Z">
          <reporter-output>
          </reporter-output>
        </test-method> <!-- testThreadSafe1 -->
        <test-method status="PASS" signature="testThreadSafe1()[pri:0, instance:cviceni.Ukol2Test@769c9116]" name="testThreadSafe1" duration-ms="2" started-at="2014-11-12T14:43:24Z" finished-at="2014-11-12T14:43:24Z">
          <reporter-output>
          </reporter-output>
        </test-method> <!-- testThreadSafe1 -->
        <test-method status="PASS" signature="testThreadSafe1()[pri:0, instance:cviceni.Ukol2Test@769c9116]" name="testThreadSafe1" duration-ms="5" started-at="2014-11-12T14:43:24Z" finished-at="2014-11-12T14:43:24Z">
          <reporter-output>
          </reporter-output>
        </test-method> <!-- testThreadSafe1 -->
        <test-method status="PASS" signature="testThreadSafe1()[pri:0, instance:cviceni.Ukol2Test@769c9116]" name="testThreadSafe1" duration-ms="31" started-at="2014-11-12T14:43:24Z" finished-at="2014-11-12T14:43:24Z">
          <reporter-output>
          </reporter-output>
        </test-method> <!-- testThreadSafe1 -->
        <test-method status="PASS" signature="testThreadSafe1()[pri:0, instance:cviceni.Ukol2Test@769c9116]" name="testThreadSafe1" duration-ms="5" started-at="2014-11-12T14:43:24Z" finished-at="2014-11-12T14:43:24Z">
          <reporter-output>
          </reporter-output>
        </test-method> <!-- testThreadSafe1 -->
        <test-method status="PASS" signature="testThreadSafe1()[pri:0, instance:cviceni.Ukol2Test@769c9116]" name="testThreadSafe1" duration-ms="157" started-at="2014-11-12T14:43:24Z" finished-at="2014-11-12T14:43:24Z">
          <reporter-output>
          </reporter-output>
        </test-method> <!-- testThreadSafe1 -->
        <test-method status="PASS" signature="testThreadSafe1()[pri:0, instance:cviceni.Ukol2Test@769c9116]" name="testThreadSafe1" duration-ms="155" started-at="2014-11-12T14:43:24Z" finished-at="2014-11-12T14:43:24Z">
          <reporter-output>
          </reporter-output>
        </test-method> <!-- testThreadSafe1 -->
        <test-method status="PASS" signature="testThreadSafe1()[pri:0, instance:cviceni.Ukol2Test@769c9116]" name="testThreadSafe1" duration-ms="1" started-at="2014-11-12T14:43:24Z" finished-at="2014-11-12T14:43:24Z">
          <reporter-output>
          </reporter-output>
        </test-method> <!-- testThreadSafe1 -->
        <test-method status="PASS" signature="testThreadSafe1()[pri:0, instance:cviceni.Ukol2Test@769c9116]" name="testThreadSafe1" duration-ms="1" started-at="2014-11-12T14:43:24Z" finished-at="2014-11-12T14:43:24Z">
          <reporter-output>
          </reporter-output>
        </test-method> <!-- testThreadSafe1 -->
        <test-method status="PASS" signature="testThreadSafe1()[pri:0, instance:cviceni.Ukol2Test@769c9116]" name="testThreadSafe1" duration-ms="147" started-at="2014-11-12T14:43:24Z" finished-at="2014-11-12T14:43:24Z">
          <reporter-output>
          </reporter-output>
        </test-method> <!-- testThreadSafe1 -->
        <test-method status="PASS" signature="testThreadSafe1()[pri:0, instance:cviceni.Ukol2Test@769c9116]" name="testThreadSafe1" duration-ms="145" started-at="2014-11-12T14:43:24Z" finished-at="2014-11-12T14:43:24Z">
          <reporter-output>
          </reporter-output>
        </test-method> <!-- testThreadSafe1 -->
        <test-method status="PASS" signature="testThreadSafe1()[pri:0, instance:cviceni.Ukol2Test@769c9116]" name="testThreadSafe1" duration-ms="144" started-at="2014-11-12T14:43:24Z" finished-at="2014-11-12T14:43:24Z">
          <reporter-output>
          </reporter-output>
        </test-method> <!-- testThreadSafe1 -->
        <test-method status="PASS" signature="testThreadSafe1()[pri:0, instance:cviceni.Ukol2Test@769c9116]" name="testThreadSafe1" duration-ms="143" started-at="2014-11-12T14:43:24Z" finished-at="2014-11-12T14:43:24Z">
          <reporter-output>
          </reporter-output>
        </test-method> <!-- testThreadSafe1 -->
        <test-method status="PASS" signature="testThreadSafe1()[pri:0, instance:cviceni.Ukol2Test@769c9116]" name="testThreadSafe1" duration-ms="143" started-at="2014-11-12T14:43:24Z" finished-at="2014-11-12T14:43:24Z">
          <reporter-output>
          </reporter-output>
        </test-method> <!-- testThreadSafe1 -->
        <test-method status="PASS" signature="testThreadSafe1()[pri:0, instance:cviceni.Ukol2Test@769c9116]" name="testThreadSafe1" duration-ms="141" started-at="2014-11-12T14:43:24Z" finished-at="2014-11-12T14:43:24Z">
          <reporter-output>
          </reporter-output>
        </test-method> <!-- testThreadSafe1 -->
        <test-method status="PASS" signature="testThreadSafe1()[pri:0, instance:cviceni.Ukol2Test@769c9116]" name="testThreadSafe1" duration-ms="141" started-at="2014-11-12T14:43:24Z" finished-at="2014-11-12T14:43:24Z">
          <reporter-output>
          </reporter-output>
        </test-method> <!-- testThreadSafe1 -->
        <test-method status="PASS" signature="testThreadSafe1()[pri:0, instance:cviceni.Ukol2Test@769c9116]" name="testThreadSafe1" duration-ms="140" started-at="2014-11-12T14:43:24Z" finished-at="2014-11-12T14:43:24Z">
          <reporter-output>
          </reporter-output>
        </test-method> <!-- testThreadSafe1 -->
        <test-method status="PASS" signature="testThreadSafe1()[pri:0, instance:cviceni.Ukol2Test@769c9116]" name="testThreadSafe1" duration-ms="139" started-at="2014-11-12T14:43:24Z" finished-at="2014-11-12T14:43:24Z">
          <reporter-output>
          </reporter-output>
        </test-method> <!-- testThreadSafe1 -->
        <test-method status="PASS" signature="testThreadSafe1()[pri:0, instance:cviceni.Ukol2Test@769c9116]" name="testThreadSafe1" duration-ms="137" started-at="2014-11-12T14:43:24Z" finished-at="2014-11-12T14:43:24Z">
          <reporter-output>
          </reporter-output>
        </test-method> <!-- testThreadSafe1 -->
        <test-method status="PASS" signature="testThreadSafe1()[pri:0, instance:cviceni.Ukol2Test@769c9116]" name="testThreadSafe1" duration-ms="136" started-at="2014-11-12T14:43:24Z" finished-at="2014-11-12T14:43:24Z">
          <reporter-output>
          </reporter-output>
        </test-method> <!-- testThreadSafe1 -->
        <test-method status="PASS" signature="testThreadSafe1()[pri:0, instance:cviceni.Ukol2Test@769c9116]" name="testThreadSafe1" duration-ms="115" started-at="2014-11-12T14:43:24Z" finished-at="2014-11-12T14:43:24Z">
          <reporter-output>
          </reporter-output>
        </test-method> <!-- testThreadSafe1 -->
        <test-method status="PASS" signature="testThreadSafe1()[pri:0, instance:cviceni.Ukol2Test@769c9116]" name="testThreadSafe1" duration-ms="134" started-at="2014-11-12T14:43:24Z" finished-at="2014-11-12T14:43:24Z">
          <reporter-output>
          </reporter-output>
        </test-method> <!-- testThreadSafe1 -->
        <test-method status="PASS" signature="testThreadSafe1()[pri:0, instance:cviceni.Ukol2Test@769c9116]" name="testThreadSafe1" duration-ms="132" started-at="2014-11-12T14:43:24Z" finished-at="2014-11-12T14:43:24Z">
          <reporter-output>
          </reporter-output>
        </test-method> <!-- testThreadSafe1 -->
        <test-method status="PASS" signature="testThreadSafe1()[pri:0, instance:cviceni.Ukol2Test@769c9116]" name="testThreadSafe1" duration-ms="126" started-at="2014-11-12T14:43:24Z" finished-at="2014-11-12T14:43:24Z">
          <reporter-output>
          </reporter-output>
        </test-method> <!-- testThreadSafe1 -->
        <test-method status="PASS" signature="testThreadSafe1()[pri:0, instance:cviceni.Ukol2Test@769c9116]" name="testThreadSafe1" duration-ms="125" started-at="2014-11-12T14:43:24Z" finished-at="2014-11-12T14:43:24Z">
          <reporter-output>
          </reporter-output>
        </test-method> <!-- testThreadSafe1 -->
        <test-method status="PASS" signature="testThreadSafe1()[pri:0, instance:cviceni.Ukol2Test@769c9116]" name="testThreadSafe1" duration-ms="130" started-at="2014-11-12T14:43:24Z" finished-at="2014-11-12T14:43:24Z">
          <reporter-output>
          </reporter-output>
        </test-method> <!-- testThreadSafe1 -->
        <test-method status="PASS" signature="testThreadSafe1()[pri:0, instance:cviceni.Ukol2Test@769c9116]" name="testThreadSafe1" duration-ms="119" started-at="2014-11-12T14:43:24Z" finished-at="2014-11-12T14:43:24Z">
          <reporter-output>
          </reporter-output>
        </test-method> <!-- testThreadSafe1 -->
        <test-method status="PASS" signature="testThreadSafe1()[pri:0, instance:cviceni.Ukol2Test@769c9116]" name="testThreadSafe1" duration-ms="124" started-at="2014-11-12T14:43:24Z" finished-at="2014-11-12T14:43:24Z">
          <reporter-output>
          </reporter-output>
        </test-method> <!-- testThreadSafe1 -->
        <test-method status="PASS" signature="testThreadSafe1()[pri:0, instance:cviceni.Ukol2Test@769c9116]" name="testThreadSafe1" duration-ms="115" started-at="2014-11-12T14:43:24Z" finished-at="2014-11-12T14:43:24Z">
          <reporter-output>
          </reporter-output>
        </test-method> <!-- testThreadSafe1 -->
        <test-method status="PASS" signature="testThreadSafe1()[pri:0, instance:cviceni.Ukol2Test@769c9116]" name="testThreadSafe1" duration-ms="112" started-at="2014-11-12T14:43:24Z" finished-at="2014-11-12T14:43:24Z">
          <reporter-output>
          </reporter-output>
        </test-method> <!-- testThreadSafe1 -->
        <test-method status="PASS" signature="testThreadSafe1()[pri:0, instance:cviceni.Ukol2Test@769c9116]" name="testThreadSafe1" duration-ms="113" started-at="2014-11-12T14:43:24Z" finished-at="2014-11-12T14:43:24Z">
          <reporter-output>
          </reporter-output>
        </test-method> <!-- testThreadSafe1 -->
        <test-method status="PASS" signature="testThreadSafe1()[pri:0, instance:cviceni.Ukol2Test@769c9116]" name="testThreadSafe1" duration-ms="111" started-at="2014-11-12T14:43:24Z" finished-at="2014-11-12T14:43:24Z">
          <reporter-output>
          </reporter-output>
        </test-method> <!-- testThreadSafe1 -->
        <test-method status="PASS" signature="testThreadSafe1()[pri:0, instance:cviceni.Ukol2Test@769c9116]" name="testThreadSafe1" duration-ms="111" started-at="2014-11-12T14:43:24Z" finished-at="2014-11-12T14:43:24Z">
          <reporter-output>
          </reporter-output>
        </test-method> <!-- testThreadSafe1 -->
        <test-method status="PASS" signature="testThreadSafe1()[pri:0, instance:cviceni.Ukol2Test@769c9116]" name="testThreadSafe1" duration-ms="108" started-at="2014-11-12T14:43:24Z" finished-at="2014-11-12T14:43:24Z">
          <reporter-output>
          </reporter-output>
        </test-method> <!-- testThreadSafe1 -->
        <test-method status="PASS" signature="testThreadSafe1()[pri:0, instance:cviceni.Ukol2Test@769c9116]" name="testThreadSafe1" duration-ms="107" started-at="2014-11-12T14:43:24Z" finished-at="2014-11-12T14:43:24Z">
          <reporter-output>
          </reporter-output>
        </test-method> <!-- testThreadSafe1 -->
        <test-method status="PASS" signature="testThreadSafe1()[pri:0, instance:cviceni.Ukol2Test@769c9116]" name="testThreadSafe1" duration-ms="107" started-at="2014-11-12T14:43:24Z" finished-at="2014-11-12T14:43:24Z">
          <reporter-output>
          </reporter-output>
        </test-method> <!-- testThreadSafe1 -->
        <test-method status="PASS" signature="testThreadSafe1()[pri:0, instance:cviceni.Ukol2Test@769c9116]" name="testThreadSafe1" duration-ms="105" started-at="2014-11-12T14:43:24Z" finished-at="2014-11-12T14:43:24Z">
          <reporter-output>
          </reporter-output>
        </test-method> <!-- testThreadSafe1 -->
        <test-method status="PASS" signature="testThreadSafe1()[pri:0, instance:cviceni.Ukol2Test@769c9116]" name="testThreadSafe1" duration-ms="83" started-at="2014-11-12T14:43:24Z" finished-at="2014-11-12T14:43:24Z">
          <reporter-output>
          </reporter-output>
        </test-method> <!-- testThreadSafe1 -->
        <test-method status="PASS" signature="testThreadSafe1()[pri:0, instance:cviceni.Ukol2Test@769c9116]" name="testThreadSafe1" duration-ms="80" started-at="2014-11-12T14:43:24Z" finished-at="2014-11-12T14:43:24Z">
          <reporter-output>
          </reporter-output>
        </test-method> <!-- testThreadSafe1 -->
        <test-method status="PASS" signature="testThreadSafe1()[pri:0, instance:cviceni.Ukol2Test@769c9116]" name="testThreadSafe1" duration-ms="45" started-at="2014-11-12T14:43:24Z" finished-at="2014-11-12T14:43:24Z">
          <reporter-output>
          </reporter-output>
        </test-method> <!-- testThreadSafe1 -->
        <test-method status="PASS" signature="testThreadSafe1()[pri:0, instance:cviceni.Ukol2Test@769c9116]" name="testThreadSafe1" duration-ms="1" started-at="2014-11-12T14:43:24Z" finished-at="2014-11-12T14:43:24Z">
          <reporter-output>
          </reporter-output>
        </test-method> <!-- testThreadSafe1 -->
        <test-method status="PASS" signature="testThreadSafe1()[pri:0, instance:cviceni.Ukol2Test@769c9116]" name="testThreadSafe1" duration-ms="1" started-at="2014-11-12T14:43:24Z" finished-at="2014-11-12T14:43:24Z">
          <reporter-output>
          </reporter-output>
        </test-method> <!-- testThreadSafe1 -->
        <test-method status="PASS" signature="testThreadSafe1()[pri:0, instance:cviceni.Ukol2Test@769c9116]" name="testThreadSafe1" duration-ms="1" started-at="2014-11-12T14:43:24Z" finished-at="2014-11-12T14:43:24Z">
          <reporter-output>
          </reporter-output>
        </test-method> <!-- testThreadSafe1 -->
        <test-method status="PASS" signature="testThreadSafe1()[pri:0, instance:cviceni.Ukol2Test@769c9116]" name="testThreadSafe1" duration-ms="1" started-at="2014-11-12T14:43:24Z" finished-at="2014-11-12T14:43:24Z">
          <reporter-output>
          </reporter-output>
        </test-method> <!-- testThreadSafe1 -->
        <test-method status="PASS" signature="testThreadSafe1()[pri:0, instance:cviceni.Ukol2Test@769c9116]" name="testThreadSafe1" duration-ms="1" started-at="2014-11-12T14:43:24Z" finished-at="2014-11-12T14:43:24Z">
          <reporter-output>
          </reporter-output>
        </test-method> <!-- testThreadSafe1 -->
        <test-method status="PASS" signature="testThreadSafe1()[pri:0, instance:cviceni.Ukol2Test@769c9116]" name="testThreadSafe1" duration-ms="35" started-at="2014-11-12T14:43:24Z" finished-at="2014-11-12T14:43:24Z">
          <reporter-output>
          </reporter-output>
        </test-method> <!-- testThreadSafe1 -->
        <test-method status="PASS" signature="testThreadSafe1()[pri:0, instance:cviceni.Ukol2Test@769c9116]" name="testThreadSafe1" duration-ms="1" started-at="2014-11-12T14:43:24Z" finished-at="2014-11-12T14:43:24Z">
          <reporter-output>
          </reporter-output>
        </test-method> <!-- testThreadSafe1 -->
        <test-method status="PASS" signature="testThreadSafe1()[pri:0, instance:cviceni.Ukol2Test@769c9116]" name="testThreadSafe1" duration-ms="34" started-at="2014-11-12T14:43:24Z" finished-at="2014-11-12T14:43:24Z">
          <reporter-output>
          </reporter-output>
        </test-method> <!-- testThreadSafe1 -->
        <test-method status="PASS" signature="testThreadSafe1()[pri:0, instance:cviceni.Ukol2Test@769c9116]" name="testThreadSafe1" duration-ms="22" started-at="2014-11-12T14:43:24Z" finished-at="2014-11-12T14:43:24Z">
          <reporter-output>
          </reporter-output>
        </test-method> <!-- testThreadSafe1 -->
        <test-method status="PASS" signature="testThreadSafe1()[pri:0, instance:cviceni.Ukol2Test@769c9116]" name="testThreadSafe1" duration-ms="1" started-at="2014-11-12T14:43:24Z" finished-at="2014-11-12T14:43:24Z">
          <reporter-output>
          </reporter-output>
        </test-method> <!-- testThreadSafe1 -->
        <test-method status="PASS" signature="testThreadSafe1()[pri:0, instance:cviceni.Ukol2Test@769c9116]" name="testThreadSafe1" duration-ms="22" started-at="2014-11-12T14:43:24Z" finished-at="2014-11-12T14:43:24Z">
          <reporter-output>
          </reporter-output>
        </test-method> <!-- testThreadSafe1 -->
        <test-method status="PASS" signature="testThreadSafe1()[pri:0, instance:cviceni.Ukol2Test@769c9116]" name="testThreadSafe1" duration-ms="4" started-at="2014-11-12T14:43:24Z" finished-at="2014-11-12T14:43:24Z">
          <reporter-output>
          </reporter-output>
        </test-method> <!-- testThreadSafe1 -->
        <test-method status="PASS" signature="testThreadSafe1()[pri:0, instance:cviceni.Ukol2Test@769c9116]" name="testThreadSafe1" duration-ms="2" started-at="2014-11-12T14:43:24Z" finished-at="2014-11-12T14:43:24Z">
          <reporter-output>
          </reporter-output>
        </test-method> <!-- testThreadSafe1 -->
        <test-method status="PASS" signature="testThreadSafe1()[pri:0, instance:cviceni.Ukol2Test@769c9116]" name="testThreadSafe1" duration-ms="139" started-at="2014-11-12T14:43:24Z" finished-at="2014-11-12T14:43:25Z">
          <reporter-output>
          </reporter-output>
        </test-method> <!-- testThreadSafe1 -->
        <test-method status="PASS" signature="testThreadSafe1()[pri:0, instance:cviceni.Ukol2Test@769c9116]" name="testThreadSafe1" duration-ms="139" started-at="2014-11-12T14:43:24Z" finished-at="2014-11-12T14:43:25Z">
          <reporter-output>
          </reporter-output>
        </test-method> <!-- testThreadSafe1 -->
        <test-method status="PASS" signature="testThreadSafe1()[pri:0, instance:cviceni.Ukol2Test@769c9116]" name="testThreadSafe1" duration-ms="1" started-at="2014-11-12T14:43:24Z" finished-at="2014-11-12T14:43:24Z">
          <reporter-output>
          </reporter-output>
        </test-method> <!-- testThreadSafe1 -->
        <test-method status="PASS" signature="testThreadSafe1()[pri:0, instance:cviceni.Ukol2Test@769c9116]" name="testThreadSafe1" duration-ms="1" started-at="2014-11-12T14:43:24Z" finished-at="2014-11-12T14:43:24Z">
          <reporter-output>
          </reporter-output>
        </test-method> <!-- testThreadSafe1 -->
        <test-method status="PASS" signature="testThreadSafe1()[pri:0, instance:cviceni.Ukol2Test@769c9116]" name="testThreadSafe1" duration-ms="1" started-at="2014-11-12T14:43:24Z" finished-at="2014-11-12T14:43:24Z">
          <reporter-output>
          </reporter-output>
        </test-method> <!-- testThreadSafe1 -->
        <test-method status="PASS" signature="testThreadSafe1()[pri:0, instance:cviceni.Ukol2Test@769c9116]" name="testThreadSafe1" duration-ms="8" started-at="2014-11-12T14:43:24Z" finished-at="2014-11-12T14:43:24Z">
          <reporter-output>
          </reporter-output>
        </test-method> <!-- testThreadSafe1 -->
        <test-method status="PASS" signature="testThreadSafe1()[pri:0, instance:cviceni.Ukol2Test@769c9116]" name="testThreadSafe1" duration-ms="123" started-at="2014-11-12T14:43:24Z" finished-at="2014-11-12T14:43:25Z">
          <reporter-output>
          </reporter-output>
        </test-method> <!-- testThreadSafe1 -->
        <test-method status="PASS" signature="testThreadSafe1()[pri:0, instance:cviceni.Ukol2Test@769c9116]" name="testThreadSafe1" duration-ms="121" started-at="2014-11-12T14:43:24Z" finished-at="2014-11-12T14:43:25Z">
          <reporter-output>
          </reporter-output>
        </test-method> <!-- testThreadSafe1 -->
        <test-method status="PASS" signature="testThreadSafe1()[pri:0, instance:cviceni.Ukol2Test@769c9116]" name="testThreadSafe1" duration-ms="118" started-at="2014-11-12T14:43:24Z" finished-at="2014-11-12T14:43:25Z">
          <reporter-output>
          </reporter-output>
        </test-method> <!-- testThreadSafe1 -->
        <test-method status="PASS" signature="testThreadSafe1()[pri:0, instance:cviceni.Ukol2Test@769c9116]" name="testThreadSafe1" duration-ms="118" started-at="2014-11-12T14:43:24Z" finished-at="2014-11-12T14:43:25Z">
          <reporter-output>
          </reporter-output>
        </test-method> <!-- testThreadSafe1 -->
        <test-method status="PASS" signature="testThreadSafe1()[pri:0, instance:cviceni.Ukol2Test@769c9116]" name="testThreadSafe1" duration-ms="118" started-at="2014-11-12T14:43:24Z" finished-at="2014-11-12T14:43:25Z">
          <reporter-output>
          </reporter-output>
        </test-method> <!-- testThreadSafe1 -->
        <test-method status="PASS" signature="testThreadSafe1()[pri:0, instance:cviceni.Ukol2Test@769c9116]" name="testThreadSafe1" duration-ms="117" started-at="2014-11-12T14:43:24Z" finished-at="2014-11-12T14:43:25Z">
          <reporter-output>
          </reporter-output>
        </test-method> <!-- testThreadSafe1 -->
        <test-method status="PASS" signature="testThreadSafe1()[pri:0, instance:cviceni.Ukol2Test@769c9116]" name="testThreadSafe1" duration-ms="1" started-at="2014-11-12T14:43:24Z" finished-at="2014-11-12T14:43:24Z">
          <reporter-output>
          </reporter-output>
        </test-method> <!-- testThreadSafe1 -->
        <test-method status="PASS" signature="testThreadSafe1()[pri:0, instance:cviceni.Ukol2Test@769c9116]" name="testThreadSafe1" duration-ms="1" started-at="2014-11-12T14:43:24Z" finished-at="2014-11-12T14:43:24Z">
          <reporter-output>
          </reporter-output>
        </test-method> <!-- testThreadSafe1 -->
        <test-method status="PASS" signature="testThreadSafe1()[pri:0, instance:cviceni.Ukol2Test@769c9116]" name="testThreadSafe1" duration-ms="105" started-at="2014-11-12T14:43:24Z" finished-at="2014-11-12T14:43:25Z">
          <reporter-output>
          </reporter-output>
        </test-method> <!-- testThreadSafe1 -->
        <test-method status="PASS" signature="testThreadSafe1()[pri:0, instance:cviceni.Ukol2Test@769c9116]" name="testThreadSafe1" duration-ms="1" started-at="2014-11-12T14:43:24Z" finished-at="2014-11-12T14:43:24Z">
          <reporter-output>
          </reporter-output>
        </test-method> <!-- testThreadSafe1 -->
        <test-method status="PASS" signature="testThreadSafe1()[pri:0, instance:cviceni.Ukol2Test@769c9116]" name="testThreadSafe1" duration-ms="0" started-at="2014-11-12T14:43:24Z" finished-at="2014-11-12T14:43:24Z">
          <reporter-output>
          </reporter-output>
        </test-method> <!-- testThreadSafe1 -->
        <test-method status="PASS" signature="testThreadSafe1()[pri:0, instance:cviceni.Ukol2Test@769c9116]" name="testThreadSafe1" duration-ms="1" started-at="2014-11-12T14:43:24Z" finished-at="2014-11-12T14:43:24Z">
          <reporter-output>
          </reporter-output>
        </test-method> <!-- testThreadSafe1 -->
        <test-method status="PASS" signature="testThreadSafe1()[pri:0, instance:cviceni.Ukol2Test@769c9116]" name="testThreadSafe1" duration-ms="1" started-at="2014-11-12T14:43:24Z" finished-at="2014-11-12T14:43:24Z">
          <reporter-output>
          </reporter-output>
        </test-method> <!-- testThreadSafe1 -->
        <test-method status="PASS" signature="testThreadSafe1()[pri:0, instance:cviceni.Ukol2Test@769c9116]" name="testThreadSafe1" duration-ms="39" started-at="2014-11-12T14:43:24Z" finished-at="2014-11-12T14:43:25Z">
          <reporter-output>
          </reporter-output>
        </test-method> <!-- testThreadSafe1 -->
        <test-method status="PASS" signature="testThreadSafe1()[pri:0, instance:cviceni.Ukol2Test@769c9116]" name="testThreadSafe1" duration-ms="1" started-at="2014-11-12T14:43:24Z" finished-at="2014-11-12T14:43:24Z">
          <reporter-output>
          </reporter-output>
        </test-method> <!-- testThreadSafe1 -->
        <test-method status="PASS" signature="testThreadSafe1()[pri:0, instance:cviceni.Ukol2Test@769c9116]" name="testThreadSafe1" duration-ms="2" started-at="2014-11-12T14:43:24Z" finished-at="2014-11-12T14:43:24Z">
          <reporter-output>
          </reporter-output>
        </test-method> <!-- testThreadSafe1 -->
        <test-method status="PASS" signature="testThreadSafe1()[pri:0, instance:cviceni.Ukol2Test@769c9116]" name="testThreadSafe1" duration-ms="1" started-at="2014-11-12T14:43:24Z" finished-at="2014-11-12T14:43:24Z">
          <reporter-output>
          </reporter-output>
        </test-method> <!-- testThreadSafe1 -->
        <test-method status="PASS" signature="testThreadSafe1()[pri:0, instance:cviceni.Ukol2Test@769c9116]" name="testThreadSafe1" duration-ms="2" started-at="2014-11-12T14:43:24Z" finished-at="2014-11-12T14:43:24Z">
          <reporter-output>
          </reporter-output>
        </test-method> <!-- testThreadSafe1 -->
        <test-method status="PASS" signature="testThreadSafe1()[pri:0, instance:cviceni.Ukol2Test@769c9116]" name="testThreadSafe1" duration-ms="31" started-at="2014-11-12T14:43:24Z" finished-at="2014-11-12T14:43:25Z">
          <reporter-output>
          </reporter-output>
        </test-method> <!-- testThreadSafe1 -->
        <test-method status="PASS" signature="testThreadSafe1()[pri:0, instance:cviceni.Ukol2Test@769c9116]" name="testThreadSafe1" duration-ms="0" started-at="2014-11-12T14:43:24Z" finished-at="2014-11-12T14:43:24Z">
          <reporter-output>
          </reporter-output>
        </test-method> <!-- testThreadSafe1 -->
        <test-method status="PASS" signature="testThreadSafe1()[pri:0, instance:cviceni.Ukol2Test@769c9116]" name="testThreadSafe1" duration-ms="1" started-at="2014-11-12T14:43:24Z" finished-at="2014-11-12T14:43:24Z">
          <reporter-output>
          </reporter-output>
        </test-method> <!-- testThreadSafe1 -->
        <test-method status="PASS" signature="testThreadSafe1()[pri:0, instance:cviceni.Ukol2Test@769c9116]" name="testThreadSafe1" duration-ms="22" started-at="2014-11-12T14:43:24Z" finished-at="2014-11-12T14:43:25Z">
          <reporter-output>
          </reporter-output>
        </test-method> <!-- testThreadSafe1 -->
        <test-method status="PASS" signature="testThreadSafe1()[pri:0, instance:cviceni.Ukol2Test@769c9116]" name="testThreadSafe1" duration-ms="20" started-at="2014-11-12T14:43:24Z" finished-at="2014-11-12T14:43:25Z">
          <reporter-output>
          </reporter-output>
        </test-method> <!-- testThreadSafe1 -->
        <test-method status="PASS" signature="testThreadSafe1()[pri:0, instance:cviceni.Ukol2Test@769c9116]" name="testThreadSafe1" duration-ms="4" started-at="2014-11-12T14:43:24Z" finished-at="2014-11-12T14:43:24Z">
          <reporter-output>
          </reporter-output>
        </test-method> <!-- testThreadSafe1 -->
        <test-method status="PASS" signature="testThreadSafe1()[pri:0, instance:cviceni.Ukol2Test@769c9116]" name="testThreadSafe1" duration-ms="0" started-at="2014-11-12T14:43:24Z" finished-at="2014-11-12T14:43:24Z">
          <reporter-output>
          </reporter-output>
        </test-method> <!-- testThreadSafe1 -->
        <test-method status="PASS" signature="testThreadSafe1()[pri:0, instance:cviceni.Ukol2Test@769c9116]" name="testThreadSafe1" duration-ms="0" started-at="2014-11-12T14:43:24Z" finished-at="2014-11-12T14:43:24Z">
          <reporter-output>
          </reporter-output>
        </test-method> <!-- testThreadSafe1 -->
        <test-method status="PASS" signature="testThreadSafe1()[pri:0, instance:cviceni.Ukol2Test@769c9116]" name="testThreadSafe1" duration-ms="47" started-at="2014-11-12T14:43:24Z" finished-at="2014-11-12T14:43:25Z">
          <reporter-output>
          </reporter-output>
        </test-method> <!-- testThreadSafe1 -->
        <test-method status="PASS" signature="testThreadSafe1()[pri:0, instance:cviceni.Ukol2Test@769c9116]" name="testThreadSafe1" duration-ms="1" started-at="2014-11-12T14:43:24Z" finished-at="2014-11-12T14:43:24Z">
          <reporter-output>
          </reporter-output>
        </test-method> <!-- testThreadSafe1 -->
        <test-method status="PASS" signature="testThreadSafe1()[pri:0, instance:cviceni.Ukol2Test@769c9116]" name="testThreadSafe1" duration-ms="45" started-at="2014-11-12T14:43:24Z" finished-at="2014-11-12T14:43:25Z">
          <reporter-output>
          </reporter-output>
        </test-method> <!-- testThreadSafe1 -->
        <test-method status="PASS" signature="testThreadSafe1()[pri:0, instance:cviceni.Ukol2Test@769c9116]" name="testThreadSafe1" duration-ms="1" started-at="2014-11-12T14:43:24Z" finished-at="2014-11-12T14:43:24Z">
          <reporter-output>
          </reporter-output>
        </test-method> <!-- testThreadSafe1 -->
        <test-method status="PASS" signature="testThreadSafe1()[pri:0, instance:cviceni.Ukol2Test@769c9116]" name="testThreadSafe1" duration-ms="37" started-at="2014-11-12T14:43:24Z" finished-at="2014-11-12T14:43:25Z">
          <reporter-output>
          </reporter-output>
        </test-method> <!-- testThreadSafe1 -->
        <test-method status="PASS" signature="testThreadSafe1()[pri:0, instance:cviceni.Ukol2Test@769c9116]" name="testThreadSafe1" duration-ms="0" started-at="2014-11-12T14:43:24Z" finished-at="2014-11-12T14:43:24Z">
          <reporter-output>
          </reporter-output>
        </test-method> <!-- testThreadSafe1 -->
        <test-method status="PASS" signature="testThreadSafe1()[pri:0, instance:cviceni.Ukol2Test@769c9116]" name="testThreadSafe1" duration-ms="0" started-at="2014-11-12T14:43:24Z" finished-at="2014-11-12T14:43:24Z">
          <reporter-output>
          </reporter-output>
        </test-method> <!-- testThreadSafe1 -->
        <test-method status="PASS" signature="testThreadSafe1()[pri:0, instance:cviceni.Ukol2Test@769c9116]" name="testThreadSafe1" duration-ms="1" started-at="2014-11-12T14:43:24Z" finished-at="2014-11-12T14:43:24Z">
          <reporter-output>
          </reporter-output>
        </test-method> <!-- testThreadSafe1 -->
        <test-method status="PASS" signature="testThreadSafe1()[pri:0, instance:cviceni.Ukol2Test@769c9116]" name="testThreadSafe1" duration-ms="31" started-at="2014-11-12T14:43:25Z" finished-at="2014-11-12T14:43:25Z">
          <reporter-output>
          </reporter-output>
        </test-method> <!-- testThreadSafe1 -->
        <test-method status="PASS" signature="testThreadSafe1()[pri:0, instance:cviceni.Ukol2Test@769c9116]" name="testThreadSafe1" duration-ms="0" started-at="2014-11-12T14:43:25Z" finished-at="2014-11-12T14:43:25Z">
          <reporter-output>
          </reporter-output>
        </test-method> <!-- testThreadSafe1 -->
        <test-method status="PASS" signature="testThreadSafe1()[pri:0, instance:cviceni.Ukol2Test@769c9116]" name="testThreadSafe1" duration-ms="1" started-at="2014-11-12T14:43:25Z" finished-at="2014-11-12T14:43:25Z">
          <reporter-output>
          </reporter-output>
        </test-method> <!-- testThreadSafe1 -->
        <test-method status="PASS" signature="testThreadSafe1()[pri:0, instance:cviceni.Ukol2Test@769c9116]" name="testThreadSafe1" duration-ms="32" started-at="2014-11-12T14:43:25Z" finished-at="2014-11-12T14:43:25Z">
          <reporter-output>
          </reporter-output>
        </test-method> <!-- testThreadSafe1 -->
        <test-method status="PASS" signature="testThreadSafe1()[pri:0, instance:cviceni.Ukol2Test@769c9116]" name="testThreadSafe1" duration-ms="26" started-at="2014-11-12T14:43:25Z" finished-at="2014-11-12T14:43:25Z">
          <reporter-output>
          </reporter-output>
        </test-method> <!-- testThreadSafe1 -->
        <test-method status="PASS" signature="testThreadSafe1()[pri:0, instance:cviceni.Ukol2Test@769c9116]" name="testThreadSafe1" duration-ms="26" started-at="2014-11-12T14:43:25Z" finished-at="2014-11-12T14:43:25Z">
          <reporter-output>
          </reporter-output>
        </test-method> <!-- testThreadSafe1 -->
        <test-method status="FAIL" signature="testThreadSafe2()[pri:0, instance:cviceni.Ukol2Test@769c9116]" name="testThreadSafe2" duration-ms="13" started-at="2014-11-12T14:43:25Z" finished-at="2014-11-12T14:43:25Z">
          <exception class="java.lang.AssertionError">
            <message>
              <![CDATA[expected [abcabcabcabcabcabcabcabcabcabcabcabcabcabcabcabcabcabcabcabcabcabcabcabcabcabcabcabcabcabcabcabcabcabcabcabcabcabcabcabcabcabcabcabcabcabcabcabcabcabcabcabcabcabcabcabcabcabcabcabcabcabcabcabcabcabcabcabcabcabcabcabcabcabcabcabcabcabcabcabcabcabcabcabcabcabcabcabcabcabcabcabcabcabcabcabcabcabcabcabcba] but found [abcabcabcabcabcabcabcabcabcabcabcabcabcabcabcabcabcabcabcabcabcabcabcabcabcabcabcabcabcabcabcabcabcabcabcabcabcabcabcabcabcabcabcabcabcabcabcabcabcabcabcabcabcabcabcabcabcabcabcabcabcabcabcabcabcabcabcabcabcabcabcabcabcabcabcabcabcabcabcabcabcabcabcabcabcabcabcabcabcabcabcabcabcabcabcabcabcabcabcabcbbada]]]>
            </message>
            <full-stacktrace>
              <![CDATA[java.lang.AssertionError: expected [abcabcabcabcabcabcabcabcabcabcabcabcabcabcabcabcabcabcabcabcabcabcabcabcabcabcabcabcabcabcabcabcabcabcabcabcabcabcabcabcabcabcabcabcabcabcabcabcabcabcabcabcabcabcabcabcabcabcabcabcabcabcabcabcabcabcabcabcabcabcabcabcabcabcabcabcabcabcabcabcabcabcabcabcabcabcabcabcabcabcabcabcabcabcabcabcabcabcabcabcba] but found [abcabcabcabcabcabcabcabcabcabcabcabcabcabcabcabcabcabcabcabcabcabcabcabcabcabcabcabcabcabcabcabcabcabcabcabcabcabcabcabcabcabcabcabcabcabcabcabcabcabcabcabcabcabcabcabcabcabcabcabcabcabcabcabcabcabcabcabcabcabcabcabcabcabcabcabcabcabcabcabcabcabcabcabcabcabcabcabcabcabcabcabcabcabcabcabcabcabcabcabcbbada]
	at org.testng.Assert.fail(Assert.java:94)
	at org.testng.Assert.failNotEquals(Assert.java:494)
	at org.testng.Assert.assertEquals(Assert.java:123)
	at org.testng.Assert.assertEquals(Assert.java:176)
	at org.testng.Assert.assertEquals(Assert.java:186)
	at cviceni.Ukol2Test.testThreadSafe2(Ukol2Test.java:51)
	at sun.reflect.NativeMethodAccessorImpl.invoke0(Native Method)
	at sun.reflect.NativeMethodAccessorImpl.invoke(Unknown Source)
	at sun.reflect.DelegatingMethodAccessorImpl.invoke(Unknown Source)
	at java.lang.reflect.Method.invoke(Unknown Source)
	at org.testng.internal.MethodInvocationHelper.invokeMethod(MethodInvocationHelper.java:84)
	at org.testng.internal.Invoker.invokeMethod(Invoker.java:714)
	at org.testng.internal.Invoker.invokeTestMethod(Invoker.java:901)
	at org.testng.internal.Invoker.invokeTestMethods(Invoker.java:1231)
	at org.testng.internal.TestMethodWorker.invokeTestMethods(TestMethodWorker.java:127)
	at org.testng.internal.TestMethodWorker.run(TestMethodWorker.java:111)
	at org.testng.internal.thread.ThreadUtil$2.call(ThreadUtil.java:64)
	at java.util.concurrent.FutureTask.run(Unknown Source)
	at java.util.concurrent.ThreadPoolExecutor.runWorker(Unknown Source)
	at java.util.concurrent.ThreadPoolExecutor$Worker.run(Unknown Source)
	at java.lang.Thread.run(Unknown Source)
]]>
            </full-stacktrace>
          </exception> <!-- java.lang.AssertionError -->
          <reporter-output>
          </reporter-output>
        </test-method> <!-- testThreadSafe2 -->
        <test-method status="PASS" signature="testThreadSafe2()[pri:0, instance:cviceni.Ukol2Test@769c9116]" name="testThreadSafe2" duration-ms="1" started-at="2014-11-12T14:43:25Z" finished-at="2014-11-12T14:43:25Z">
          <reporter-output>
          </reporter-output>
        </test-method> <!-- testThreadSafe2 -->
        <test-method status="PASS" signature="testThreadSafe2()[pri:0, instance:cviceni.Ukol2Test@769c9116]" name="testThreadSafe2" duration-ms="1" started-at="2014-11-12T14:43:25Z" finished-at="2014-11-12T14:43:25Z">
          <reporter-output>
          </reporter-output>
        </test-method> <!-- testThreadSafe2 -->
        <test-method status="PASS" signature="testThreadSafe2()[pri:0, instance:cviceni.Ukol2Test@769c9116]" name="testThreadSafe2" duration-ms="7" started-at="2014-11-12T14:43:25Z" finished-at="2014-11-12T14:43:25Z">
          <reporter-output>
          </reporter-output>
        </test-method> <!-- testThreadSafe2 -->
        <test-method status="PASS" signature="testThreadSafe2()[pri:0, instance:cviceni.Ukol2Test@769c9116]" name="testThreadSafe2" duration-ms="9" started-at="2014-11-12T14:43:25Z" finished-at="2014-11-12T14:43:25Z">
          <reporter-output>
          </reporter-output>
        </test-method> <!-- testThreadSafe2 -->
        <test-method status="PASS" signature="testThreadSafe2()[pri:0, instance:cviceni.Ukol2Test@769c9116]" name="testThreadSafe2" duration-ms="8" started-at="2014-11-12T14:43:25Z" finished-at="2014-11-12T14:43:25Z">
          <reporter-output>
          </reporter-output>
        </test-method> <!-- testThreadSafe2 -->
        <test-method status="PASS" signature="testThreadSafe2()[pri:0, instance:cviceni.Ukol2Test@769c9116]" name="testThreadSafe2" duration-ms="3" started-at="2014-11-12T14:43:25Z" finished-at="2014-11-12T14:43:25Z">
          <reporter-output>
          </reporter-output>
        </test-method> <!-- testThreadSafe2 -->
        <test-method status="PASS" signature="testThreadSafe2()[pri:0, instance:cviceni.Ukol2Test@769c9116]" name="testThreadSafe2" duration-ms="4" started-at="2014-11-12T14:43:25Z" finished-at="2014-11-12T14:43:25Z">
          <reporter-output>
          </reporter-output>
        </test-method> <!-- testThreadSafe2 -->
        <test-method status="PASS" signature="testThreadSafe2()[pri:0, instance:cviceni.Ukol2Test@769c9116]" name="testThreadSafe2" duration-ms="1" started-at="2014-11-12T14:43:25Z" finished-at="2014-11-12T14:43:25Z">
          <reporter-output>
          </reporter-output>
        </test-method> <!-- testThreadSafe2 -->
        <test-method status="PASS" signature="testThreadSafe2()[pri:0, instance:cviceni.Ukol2Test@769c9116]" name="testThreadSafe2" duration-ms="2" started-at="2014-11-12T14:43:25Z" finished-at="2014-11-12T14:43:25Z">
          <reporter-output>
          </reporter-output>
        </test-method> <!-- testThreadSafe2 -->
        <test-method status="PASS" signature="testThreadSafe2()[pri:0, instance:cviceni.Ukol2Test@769c9116]" name="testThreadSafe2" duration-ms="82" started-at="2014-11-12T14:43:25Z" finished-at="2014-11-12T14:43:25Z">
          <reporter-output>
          </reporter-output>
        </test-method> <!-- testThreadSafe2 -->
        <test-method status="PASS" signature="testThreadSafe2()[pri:0, instance:cviceni.Ukol2Test@769c9116]" name="testThreadSafe2" duration-ms="79" started-at="2014-11-12T14:43:25Z" finished-at="2014-11-12T14:43:25Z">
          <reporter-output>
          </reporter-output>
        </test-method> <!-- testThreadSafe2 -->
        <test-method status="PASS" signature="testThreadSafe2()[pri:0, instance:cviceni.Ukol2Test@769c9116]" name="testThreadSafe2" duration-ms="3" started-at="2014-11-12T14:43:25Z" finished-at="2014-11-12T14:43:25Z">
          <reporter-output>
          </reporter-output>
        </test-method> <!-- testThreadSafe2 -->
        <test-method status="PASS" signature="testThreadSafe2()[pri:0, instance:cviceni.Ukol2Test@769c9116]" name="testThreadSafe2" duration-ms="1" started-at="2014-11-12T14:43:25Z" finished-at="2014-11-12T14:43:25Z">
          <reporter-output>
          </reporter-output>
        </test-method> <!-- testThreadSafe2 -->
        <test-method status="PASS" signature="testThreadSafe2()[pri:0, instance:cviceni.Ukol2Test@769c9116]" name="testThreadSafe2" duration-ms="68" started-at="2014-11-12T14:43:25Z" finished-at="2014-11-12T14:43:25Z">
          <reporter-output>
          </reporter-output>
        </test-method> <!-- testThreadSafe2 -->
        <test-method status="PASS" signature="testThreadSafe2()[pri:0, instance:cviceni.Ukol2Test@769c9116]" name="testThreadSafe2" duration-ms="70" started-at="2014-11-12T14:43:25Z" finished-at="2014-11-12T14:43:25Z">
          <reporter-output>
          </reporter-output>
        </test-method> <!-- testThreadSafe2 -->
        <test-method status="PASS" signature="testThreadSafe2()[pri:0, instance:cviceni.Ukol2Test@769c9116]" name="testThreadSafe2" duration-ms="64" started-at="2014-11-12T14:43:25Z" finished-at="2014-11-12T14:43:25Z">
          <reporter-output>
          </reporter-output>
        </test-method> <!-- testThreadSafe2 -->
        <test-method status="PASS" signature="testThreadSafe2()[pri:0, instance:cviceni.Ukol2Test@769c9116]" name="testThreadSafe2" duration-ms="64" started-at="2014-11-12T14:43:25Z" finished-at="2014-11-12T14:43:25Z">
          <reporter-output>
          </reporter-output>
        </test-method> <!-- testThreadSafe2 -->
        <test-method status="PASS" signature="testThreadSafe2()[pri:0, instance:cviceni.Ukol2Test@769c9116]" name="testThreadSafe2" duration-ms="41" started-at="2014-11-12T14:43:25Z" finished-at="2014-11-12T14:43:25Z">
          <reporter-output>
          </reporter-output>
        </test-method> <!-- testThreadSafe2 -->
        <test-method status="PASS" signature="testThreadSafe2()[pri:0, instance:cviceni.Ukol2Test@769c9116]" name="testThreadSafe2" duration-ms="36" started-at="2014-11-12T14:43:25Z" finished-at="2014-11-12T14:43:25Z">
          <reporter-output>
          </reporter-output>
        </test-method> <!-- testThreadSafe2 -->
        <test-method status="PASS" signature="testThreadSafe2()[pri:0, instance:cviceni.Ukol2Test@769c9116]" name="testThreadSafe2" duration-ms="34" started-at="2014-11-12T14:43:25Z" finished-at="2014-11-12T14:43:25Z">
          <reporter-output>
          </reporter-output>
        </test-method> <!-- testThreadSafe2 -->
        <test-method status="PASS" signature="testThreadSafe2()[pri:0, instance:cviceni.Ukol2Test@769c9116]" name="testThreadSafe2" duration-ms="38" started-at="2014-11-12T14:43:25Z" finished-at="2014-11-12T14:43:25Z">
          <reporter-output>
          </reporter-output>
        </test-method> <!-- testThreadSafe2 -->
        <test-method status="PASS" signature="testThreadSafe2()[pri:0, instance:cviceni.Ukol2Test@769c9116]" name="testThreadSafe2" duration-ms="131" started-at="2014-11-12T14:43:25Z" finished-at="2014-11-12T14:43:25Z">
          <reporter-output>
          </reporter-output>
        </test-method> <!-- testThreadSafe2 -->
        <test-method status="PASS" signature="testThreadSafe2()[pri:0, instance:cviceni.Ukol2Test@769c9116]" name="testThreadSafe2" duration-ms="1" started-at="2014-11-12T14:43:25Z" finished-at="2014-11-12T14:43:25Z">
          <reporter-output>
          </reporter-output>
        </test-method> <!-- testThreadSafe2 -->
        <test-method status="PASS" signature="testThreadSafe2()[pri:0, instance:cviceni.Ukol2Test@769c9116]" name="testThreadSafe2" duration-ms="130" started-at="2014-11-12T14:43:25Z" finished-at="2014-11-12T14:43:25Z">
          <reporter-output>
          </reporter-output>
        </test-method> <!-- testThreadSafe2 -->
        <test-method status="PASS" signature="testThreadSafe2()[pri:0, instance:cviceni.Ukol2Test@769c9116]" name="testThreadSafe2" duration-ms="0" started-at="2014-11-12T14:43:25Z" finished-at="2014-11-12T14:43:25Z">
          <reporter-output>
          </reporter-output>
        </test-method> <!-- testThreadSafe2 -->
        <test-method status="PASS" signature="testThreadSafe2()[pri:0, instance:cviceni.Ukol2Test@769c9116]" name="testThreadSafe2" duration-ms="128" started-at="2014-11-12T14:43:25Z" finished-at="2014-11-12T14:43:25Z">
          <reporter-output>
          </reporter-output>
        </test-method> <!-- testThreadSafe2 -->
        <test-method status="PASS" signature="testThreadSafe2()[pri:0, instance:cviceni.Ukol2Test@769c9116]" name="testThreadSafe2" duration-ms="124" started-at="2014-11-12T14:43:25Z" finished-at="2014-11-12T14:43:25Z">
          <reporter-output>
          </reporter-output>
        </test-method> <!-- testThreadSafe2 -->
        <test-method status="PASS" signature="testThreadSafe2()[pri:0, instance:cviceni.Ukol2Test@769c9116]" name="testThreadSafe2" duration-ms="127" started-at="2014-11-12T14:43:25Z" finished-at="2014-11-12T14:43:25Z">
          <reporter-output>
          </reporter-output>
        </test-method> <!-- testThreadSafe2 -->
        <test-method status="PASS" signature="testThreadSafe2()[pri:0, instance:cviceni.Ukol2Test@769c9116]" name="testThreadSafe2" duration-ms="121" started-at="2014-11-12T14:43:25Z" finished-at="2014-11-12T14:43:25Z">
          <reporter-output>
          </reporter-output>
        </test-method> <!-- testThreadSafe2 -->
        <test-method status="PASS" signature="testThreadSafe2()[pri:0, instance:cviceni.Ukol2Test@769c9116]" name="testThreadSafe2" duration-ms="124" started-at="2014-11-12T14:43:25Z" finished-at="2014-11-12T14:43:25Z">
          <reporter-output>
          </reporter-output>
        </test-method> <!-- testThreadSafe2 -->
        <test-method status="PASS" signature="testThreadSafe2()[pri:0, instance:cviceni.Ukol2Test@769c9116]" name="testThreadSafe2" duration-ms="119" started-at="2014-11-12T14:43:25Z" finished-at="2014-11-12T14:43:25Z">
          <reporter-output>
          </reporter-output>
        </test-method> <!-- testThreadSafe2 -->
        <test-method status="PASS" signature="testThreadSafe2()[pri:0, instance:cviceni.Ukol2Test@769c9116]" name="testThreadSafe2" duration-ms="118" started-at="2014-11-12T14:43:25Z" finished-at="2014-11-12T14:43:25Z">
          <reporter-output>
          </reporter-output>
        </test-method> <!-- testThreadSafe2 -->
        <test-method status="PASS" signature="testThreadSafe2()[pri:0, instance:cviceni.Ukol2Test@769c9116]" name="testThreadSafe2" duration-ms="116" started-at="2014-11-12T14:43:25Z" finished-at="2014-11-12T14:43:25Z">
          <reporter-output>
          </reporter-output>
        </test-method> <!-- testThreadSafe2 -->
        <test-method status="PASS" signature="testThreadSafe2()[pri:0, instance:cviceni.Ukol2Test@769c9116]" name="testThreadSafe2" duration-ms="114" started-at="2014-11-12T14:43:25Z" finished-at="2014-11-12T14:43:25Z">
          <reporter-output>
          </reporter-output>
        </test-method> <!-- testThreadSafe2 -->
        <test-method status="PASS" signature="testThreadSafe2()[pri:0, instance:cviceni.Ukol2Test@769c9116]" name="testThreadSafe2" duration-ms="109" started-at="2014-11-12T14:43:25Z" finished-at="2014-11-12T14:43:25Z">
          <reporter-output>
          </reporter-output>
        </test-method> <!-- testThreadSafe2 -->
        <test-method status="PASS" signature="testThreadSafe2()[pri:0, instance:cviceni.Ukol2Test@769c9116]" name="testThreadSafe2" duration-ms="110" started-at="2014-11-12T14:43:25Z" finished-at="2014-11-12T14:43:25Z">
          <reporter-output>
          </reporter-output>
        </test-method> <!-- testThreadSafe2 -->
        <test-method status="PASS" signature="testThreadSafe2()[pri:0, instance:cviceni.Ukol2Test@769c9116]" name="testThreadSafe2" duration-ms="104" started-at="2014-11-12T14:43:25Z" finished-at="2014-11-12T14:43:25Z">
          <reporter-output>
          </reporter-output>
        </test-method> <!-- testThreadSafe2 -->
        <test-method status="PASS" signature="testThreadSafe2()[pri:0, instance:cviceni.Ukol2Test@769c9116]" name="testThreadSafe2" duration-ms="103" started-at="2014-11-12T14:43:25Z" finished-at="2014-11-12T14:43:25Z">
          <reporter-output>
          </reporter-output>
        </test-method> <!-- testThreadSafe2 -->
        <test-method status="PASS" signature="testThreadSafe2()[pri:0, instance:cviceni.Ukol2Test@769c9116]" name="testThreadSafe2" duration-ms="100" started-at="2014-11-12T14:43:25Z" finished-at="2014-11-12T14:43:25Z">
          <reporter-output>
          </reporter-output>
        </test-method> <!-- testThreadSafe2 -->
        <test-method status="PASS" signature="testThreadSafe2()[pri:0, instance:cviceni.Ukol2Test@769c9116]" name="testThreadSafe2" duration-ms="99" started-at="2014-11-12T14:43:25Z" finished-at="2014-11-12T14:43:25Z">
          <reporter-output>
          </reporter-output>
        </test-method> <!-- testThreadSafe2 -->
        <test-method status="PASS" signature="testThreadSafe2()[pri:0, instance:cviceni.Ukol2Test@769c9116]" name="testThreadSafe2" duration-ms="95" started-at="2014-11-12T14:43:25Z" finished-at="2014-11-12T14:43:25Z">
          <reporter-output>
          </reporter-output>
        </test-method> <!-- testThreadSafe2 -->
        <test-method status="PASS" signature="testThreadSafe2()[pri:0, instance:cviceni.Ukol2Test@769c9116]" name="testThreadSafe2" duration-ms="96" started-at="2014-11-12T14:43:25Z" finished-at="2014-11-12T14:43:25Z">
          <reporter-output>
          </reporter-output>
        </test-method> <!-- testThreadSafe2 -->
        <test-method status="PASS" signature="testThreadSafe2()[pri:0, instance:cviceni.Ukol2Test@769c9116]" name="testThreadSafe2" duration-ms="98" started-at="2014-11-12T14:43:25Z" finished-at="2014-11-12T14:43:25Z">
          <reporter-output>
          </reporter-output>
        </test-method> <!-- testThreadSafe2 -->
        <test-method status="PASS" signature="testThreadSafe2()[pri:0, instance:cviceni.Ukol2Test@769c9116]" name="testThreadSafe2" duration-ms="94" started-at="2014-11-12T14:43:25Z" finished-at="2014-11-12T14:43:25Z">
          <reporter-output>
          </reporter-output>
        </test-method> <!-- testThreadSafe2 -->
        <test-method status="PASS" signature="testThreadSafe2()[pri:0, instance:cviceni.Ukol2Test@769c9116]" name="testThreadSafe2" duration-ms="94" started-at="2014-11-12T14:43:25Z" finished-at="2014-11-12T14:43:25Z">
          <reporter-output>
          </reporter-output>
        </test-method> <!-- testThreadSafe2 -->
        <test-method status="PASS" signature="testThreadSafe2()[pri:0, instance:cviceni.Ukol2Test@769c9116]" name="testThreadSafe2" duration-ms="94" started-at="2014-11-12T14:43:25Z" finished-at="2014-11-12T14:43:25Z">
          <reporter-output>
          </reporter-output>
        </test-method> <!-- testThreadSafe2 -->
        <test-method status="PASS" signature="testThreadSafe2()[pri:0, instance:cviceni.Ukol2Test@769c9116]" name="testThreadSafe2" duration-ms="90" started-at="2014-11-12T14:43:25Z" finished-at="2014-11-12T14:43:25Z">
          <reporter-output>
          </reporter-output>
        </test-method> <!-- testThreadSafe2 -->
        <test-method status="PASS" signature="testThreadSafe2()[pri:0, instance:cviceni.Ukol2Test@769c9116]" name="testThreadSafe2" duration-ms="93" started-at="2014-11-12T14:43:25Z" finished-at="2014-11-12T14:43:25Z">
          <reporter-output>
          </reporter-output>
        </test-method> <!-- testThreadSafe2 -->
        <test-method status="PASS" signature="testThreadSafe2()[pri:0, instance:cviceni.Ukol2Test@769c9116]" name="testThreadSafe2" duration-ms="89" started-at="2014-11-12T14:43:25Z" finished-at="2014-11-12T14:43:25Z">
          <reporter-output>
          </reporter-output>
        </test-method> <!-- testThreadSafe2 -->
        <test-method status="PASS" signature="testThreadSafe2()[pri:0, instance:cviceni.Ukol2Test@769c9116]" name="testThreadSafe2" duration-ms="88" started-at="2014-11-12T14:43:25Z" finished-at="2014-11-12T14:43:25Z">
          <reporter-output>
          </reporter-output>
        </test-method> <!-- testThreadSafe2 -->
        <test-method status="PASS" signature="testThreadSafe2()[pri:0, instance:cviceni.Ukol2Test@769c9116]" name="testThreadSafe2" duration-ms="84" started-at="2014-11-12T14:43:25Z" finished-at="2014-11-12T14:43:25Z">
          <reporter-output>
          </reporter-output>
        </test-method> <!-- testThreadSafe2 -->
        <test-method status="PASS" signature="testThreadSafe2()[pri:0, instance:cviceni.Ukol2Test@769c9116]" name="testThreadSafe2" duration-ms="83" started-at="2014-11-12T14:43:25Z" finished-at="2014-11-12T14:43:25Z">
          <reporter-output>
          </reporter-output>
        </test-method> <!-- testThreadSafe2 -->
        <test-method status="PASS" signature="testThreadSafe2()[pri:0, instance:cviceni.Ukol2Test@769c9116]" name="testThreadSafe2" duration-ms="83" started-at="2014-11-12T14:43:25Z" finished-at="2014-11-12T14:43:25Z">
          <reporter-output>
          </reporter-output>
        </test-method> <!-- testThreadSafe2 -->
        <test-method status="PASS" signature="testThreadSafe2()[pri:0, instance:cviceni.Ukol2Test@769c9116]" name="testThreadSafe2" duration-ms="82" started-at="2014-11-12T14:43:25Z" finished-at="2014-11-12T14:43:25Z">
          <reporter-output>
          </reporter-output>
        </test-method> <!-- testThreadSafe2 -->
        <test-method status="PASS" signature="testThreadSafe2()[pri:0, instance:cviceni.Ukol2Test@769c9116]" name="testThreadSafe2" duration-ms="82" started-at="2014-11-12T14:43:25Z" finished-at="2014-11-12T14:43:25Z">
          <reporter-output>
          </reporter-output>
        </test-method> <!-- testThreadSafe2 -->
        <test-method status="PASS" signature="testThreadSafe2()[pri:0, instance:cviceni.Ukol2Test@769c9116]" name="testThreadSafe2" duration-ms="82" started-at="2014-11-12T14:43:25Z" finished-at="2014-11-12T14:43:25Z">
          <reporter-output>
          </reporter-output>
        </test-method> <!-- testThreadSafe2 -->
        <test-method status="PASS" signature="testThreadSafe2()[pri:0, instance:cviceni.Ukol2Test@769c9116]" name="testThreadSafe2" duration-ms="0" started-at="2014-11-12T14:43:25Z" finished-at="2014-11-12T14:43:25Z">
          <reporter-output>
          </reporter-output>
        </test-method> <!-- testThreadSafe2 -->
        <test-method status="PASS" signature="testThreadSafe2()[pri:0, instance:cviceni.Ukol2Test@769c9116]" name="testThreadSafe2" duration-ms="1" started-at="2014-11-12T14:43:25Z" finished-at="2014-11-12T14:43:25Z">
          <reporter-output>
          </reporter-output>
        </test-method> <!-- testThreadSafe2 -->
        <test-method status="PASS" signature="testThreadSafe2()[pri:0, instance:cviceni.Ukol2Test@769c9116]" name="testThreadSafe2" duration-ms="1" started-at="2014-11-12T14:43:25Z" finished-at="2014-11-12T14:43:25Z">
          <reporter-output>
          </reporter-output>
        </test-method> <!-- testThreadSafe2 -->
        <test-method status="PASS" signature="testThreadSafe2()[pri:0, instance:cviceni.Ukol2Test@769c9116]" name="testThreadSafe2" duration-ms="0" started-at="2014-11-12T14:43:25Z" finished-at="2014-11-12T14:43:25Z">
          <reporter-output>
          </reporter-output>
        </test-method> <!-- testThreadSafe2 -->
        <test-method status="PASS" signature="testThreadSafe2()[pri:0, instance:cviceni.Ukol2Test@769c9116]" name="testThreadSafe2" duration-ms="55" started-at="2014-11-12T14:43:25Z" finished-at="2014-11-12T14:43:25Z">
          <reporter-output>
          </reporter-output>
        </test-method> <!-- testThreadSafe2 -->
        <test-method status="PASS" signature="testThreadSafe2()[pri:0, instance:cviceni.Ukol2Test@769c9116]" name="testThreadSafe2" duration-ms="1" started-at="2014-11-12T14:43:25Z" finished-at="2014-11-12T14:43:25Z">
          <reporter-output>
          </reporter-output>
        </test-method> <!-- testThreadSafe2 -->
        <test-method status="PASS" signature="testThreadSafe2()[pri:0, instance:cviceni.Ukol2Test@769c9116]" name="testThreadSafe2" duration-ms="0" started-at="2014-11-12T14:43:25Z" finished-at="2014-11-12T14:43:25Z">
          <reporter-output>
          </reporter-output>
        </test-method> <!-- testThreadSafe2 -->
        <test-method status="PASS" signature="testThreadSafe2()[pri:0, instance:cviceni.Ukol2Test@769c9116]" name="testThreadSafe2" duration-ms="0" started-at="2014-11-12T14:43:25Z" finished-at="2014-11-12T14:43:25Z">
          <reporter-output>
          </reporter-output>
        </test-method> <!-- testThreadSafe2 -->
        <test-method status="PASS" signature="testThreadSafe2()[pri:0, instance:cviceni.Ukol2Test@769c9116]" name="testThreadSafe2" duration-ms="7" started-at="2014-11-12T14:43:25Z" finished-at="2014-11-12T14:43:25Z">
          <reporter-output>
          </reporter-output>
        </test-method> <!-- testThreadSafe2 -->
        <test-method status="PASS" signature="testThreadSafe2()[pri:0, instance:cviceni.Ukol2Test@769c9116]" name="testThreadSafe2" duration-ms="0" started-at="2014-11-12T14:43:25Z" finished-at="2014-11-12T14:43:25Z">
          <reporter-output>
          </reporter-output>
        </test-method> <!-- testThreadSafe2 -->
        <test-method status="PASS" signature="testThreadSafe2()[pri:0, instance:cviceni.Ukol2Test@769c9116]" name="testThreadSafe2" duration-ms="0" started-at="2014-11-12T14:43:25Z" finished-at="2014-11-12T14:43:25Z">
          <reporter-output>
          </reporter-output>
        </test-method> <!-- testThreadSafe2 -->
        <test-method status="PASS" signature="testThreadSafe2()[pri:0, instance:cviceni.Ukol2Test@769c9116]" name="testThreadSafe2" duration-ms="1" started-at="2014-11-12T14:43:25Z" finished-at="2014-11-12T14:43:25Z">
          <reporter-output>
          </reporter-output>
        </test-method> <!-- testThreadSafe2 -->
        <test-method status="PASS" signature="testThreadSafe2()[pri:0, instance:cviceni.Ukol2Test@769c9116]" name="testThreadSafe2" duration-ms="0" started-at="2014-11-12T14:43:25Z" finished-at="2014-11-12T14:43:25Z">
          <reporter-output>
          </reporter-output>
        </test-method> <!-- testThreadSafe2 -->
        <test-method status="PASS" signature="testThreadSafe2()[pri:0, instance:cviceni.Ukol2Test@769c9116]" name="testThreadSafe2" duration-ms="9" started-at="2014-11-12T14:43:25Z" finished-at="2014-11-12T14:43:25Z">
          <reporter-output>
          </reporter-output>
        </test-method> <!-- testThreadSafe2 -->
        <test-method status="PASS" signature="testThreadSafe2()[pri:0, instance:cviceni.Ukol2Test@769c9116]" name="testThreadSafe2" duration-ms="0" started-at="2014-11-12T14:43:25Z" finished-at="2014-11-12T14:43:25Z">
          <reporter-output>
          </reporter-output>
        </test-method> <!-- testThreadSafe2 -->
        <test-method status="PASS" signature="testThreadSafe2()[pri:0, instance:cviceni.Ukol2Test@769c9116]" name="testThreadSafe2" duration-ms="0" started-at="2014-11-12T14:43:25Z" finished-at="2014-11-12T14:43:25Z">
          <reporter-output>
          </reporter-output>
        </test-method> <!-- testThreadSafe2 -->
        <test-method status="PASS" signature="testThreadSafe2()[pri:0, instance:cviceni.Ukol2Test@769c9116]" name="testThreadSafe2" duration-ms="1" started-at="2014-11-12T14:43:25Z" finished-at="2014-11-12T14:43:25Z">
          <reporter-output>
          </reporter-output>
        </test-method> <!-- testThreadSafe2 -->
        <test-method status="PASS" signature="testThreadSafe2()[pri:0, instance:cviceni.Ukol2Test@769c9116]" name="testThreadSafe2" duration-ms="15" started-at="2014-11-12T14:43:25Z" finished-at="2014-11-12T14:43:25Z">
          <reporter-output>
          </reporter-output>
        </test-method> <!-- testThreadSafe2 -->
        <test-method status="PASS" signature="testThreadSafe2()[pri:0, instance:cviceni.Ukol2Test@769c9116]" name="testThreadSafe2" duration-ms="1" started-at="2014-11-12T14:43:25Z" finished-at="2014-11-12T14:43:25Z">
          <reporter-output>
          </reporter-output>
        </test-method> <!-- testThreadSafe2 -->
        <test-method status="PASS" signature="testThreadSafe2()[pri:0, instance:cviceni.Ukol2Test@769c9116]" name="testThreadSafe2" duration-ms="3" started-at="2014-11-12T14:43:25Z" finished-at="2014-11-12T14:43:25Z">
          <reporter-output>
          </reporter-output>
        </test-method> <!-- testThreadSafe2 -->
        <test-method status="PASS" signature="testThreadSafe2()[pri:0, instance:cviceni.Ukol2Test@769c9116]" name="testThreadSafe2" duration-ms="10" started-at="2014-11-12T14:43:25Z" finished-at="2014-11-12T14:43:25Z">
          <reporter-output>
          </reporter-output>
        </test-method> <!-- testThreadSafe2 -->
        <test-method status="PASS" signature="testThreadSafe2()[pri:0, instance:cviceni.Ukol2Test@769c9116]" name="testThreadSafe2" duration-ms="1" started-at="2014-11-12T14:43:25Z" finished-at="2014-11-12T14:43:25Z">
          <reporter-output>
          </reporter-output>
        </test-method> <!-- testThreadSafe2 -->
        <test-method status="PASS" signature="testThreadSafe2()[pri:0, instance:cviceni.Ukol2Test@769c9116]" name="testThreadSafe2" duration-ms="4" started-at="2014-11-12T14:43:25Z" finished-at="2014-11-12T14:43:25Z">
          <reporter-output>
          </reporter-output>
        </test-method> <!-- testThreadSafe2 -->
        <test-method status="PASS" signature="testThreadSafe2()[pri:0, instance:cviceni.Ukol2Test@769c9116]" name="testThreadSafe2" duration-ms="1" started-at="2014-11-12T14:43:25Z" finished-at="2014-11-12T14:43:25Z">
          <reporter-output>
          </reporter-output>
        </test-method> <!-- testThreadSafe2 -->
        <test-method status="PASS" signature="testThreadSafe2()[pri:0, instance:cviceni.Ukol2Test@769c9116]" name="testThreadSafe2" duration-ms="2" started-at="2014-11-12T14:43:25Z" finished-at="2014-11-12T14:43:25Z">
          <reporter-output>
          </reporter-output>
        </test-method> <!-- testThreadSafe2 -->
        <test-method status="FAIL" signature="testThreadSafe2()[pri:0, instance:cviceni.Ukol2Test@769c9116]" name="testThreadSafe2" duration-ms="1" started-at="2014-11-12T14:43:25Z" finished-at="2014-11-12T14:43:25Z">
          <exception class="java.lang.AssertionError">
            <message>
              <![CDATA[expected [abcabcabcabcabcabcabcabcabcabcabcabcabcabcabcabcabcabcabcabcabcabcabcabcabcabcabcabcabcabcabcabcabcabcabcabcabcabcabcabcabcabcabcabcabcabcabcabcabcabcabcabcabcabcabcabcabcabcabcabcabcabcabcabcabcabcabcabcabcabcabcabcabcabcabcabcabcabcabcabcabcabcabcabcabcabcabcabcabcabcabcabcabcabcabcabcabcabcabcabcbbadabadbadbadbadbadbadbadbadbadbadbadbadbadbadbadbadbadbadbadbadbadbadbadbadbadbadbadbadbadbadbadbadbadbadbadbadbadbadbadbadbadba] but found [abcabcabcabcabcabcabcabcabcabcabcabcabcabcabcabcabcabcabcabcabcabcabcabcabcabcabcabcabcabcabcabcabcabcabcabcabcabcabcabcabcabcabcabcabcabcabcabcabcabcabcabcabcabcabcabcabcabcabcabcabcabcabcabcabcabcabcabcabcabcabcabcabcabcabcabcabcabcabcabcabcabcabcabcabcabcabcabcabcabcabcabcabcabcabcabcabcabcabcabcbbadabadbadbadbadbadbadbadbadbadbadbadbadbadbadbadbadbadbadbadbadbadbadbadbadbadbadbadbadbadbadbadbadbadbadbadbadbadbadbadbadbadbbadbada]]]>
            </message>
            <full-stacktrace>
              <![CDATA[java.lang.AssertionError: expected [abcabcabcabcabcabcabcabcabcabcabcabcabcabcabcabcabcabcabcabcabcabcabcabcabcabcabcabcabcabcabcabcabcabcabcabcabcabcabcabcabcabcabcabcabcabcabcabcabcabcabcabcabcabcabcabcabcabcabcabcabcabcabcabcabcabcabcabcabcabcabcabcabcabcabcabcabcabcabcabcabcabcabcabcabcabcabcabcabcabcabcabcabcabcabcabcabcabcabcabcbbadabadbadbadbadbadbadbadbadbadbadbadbadbadbadbadbadbadbadbadbadbadbadbadbadbadbadbadbadbadbadbadbadbadbadbadbadbadbadbadbadbadba] but found [abcabcabcabcabcabcabcabcabcabcabcabcabcabcabcabcabcabcabcabcabcabcabcabcabcabcabcabcabcabcabcabcabcabcabcabcabcabcabcabcabcabcabcabcabcabcabcabcabcabcabcabcabcabcabcabcabcabcabcabcabcabcabcabcabcabcabcabcabcabcabcabcabcabcabcabcabcabcabcabcabcabcabcabcabcabcabcabcabcabcabcabcabcabcabcabcabcabcabcabcbbadabadbadbadbadbadbadbadbadbadbadbadbadbadbadbadbadbadbadbadbadbadbadbadbadbadbadbadbadbadbadbadbadbadbadbadbadbadbadbadbadbadbbadbada]
	at org.testng.Assert.fail(Assert.java:94)
	at org.testng.Assert.failNotEquals(Assert.java:494)
	at org.testng.Assert.assertEquals(Assert.java:123)
	at org.testng.Assert.assertEquals(Assert.java:176)
	at org.testng.Assert.assertEquals(Assert.java:186)
	at cviceni.Ukol2Test.testThreadSafe2(Ukol2Test.java:51)
	at sun.reflect.GeneratedMethodAccessor2.invoke(Unknown Source)
	at sun.reflect.DelegatingMethodAccessorImpl.invoke(Unknown Source)
	at java.lang.reflect.Method.invoke(Unknown Source)
	at org.testng.internal.MethodInvocationHelper.invokeMethod(MethodInvocationHelper.java:84)
	at org.testng.internal.Invoker.invokeMethod(Invoker.java:714)
	at org.testng.internal.Invoker.invokeTestMethod(Invoker.java:901)
	at org.testng.internal.Invoker.invokeTestMethods(Invoker.java:1231)
	at org.testng.internal.TestMethodWorker.invokeTestMethods(TestMethodWorker.java:127)
	at org.testng.internal.TestMethodWorker.run(TestMethodWorker.java:111)
	at org.testng.internal.thread.ThreadUtil$2.call(ThreadUtil.java:64)
	at java.util.concurrent.FutureTask.run(Unknown Source)
	at java.util.concurrent.ThreadPoolExecutor.runWorker(Unknown Source)
	at java.util.concurrent.ThreadPoolExecutor$Worker.run(Unknown Source)
	at java.lang.Thread.run(Unknown Source)
]]>
            </full-stacktrace>
          </exception> <!-- java.lang.AssertionError -->
          <reporter-output>
          </reporter-output>
        </test-method> <!-- testThreadSafe2 -->
        <test-method status="PASS" signature="testThreadSafe2()[pri:0, instance:cviceni.Ukol2Test@769c9116]" name="testThreadSafe2" duration-ms="2" started-at="2014-11-12T14:43:25Z" finished-at="2014-11-12T14:43:25Z">
          <reporter-output>
          </reporter-output>
        </test-method> <!-- testThreadSafe2 -->
        <test-method status="PASS" signature="testThreadSafe2()[pri:0, instance:cviceni.Ukol2Test@769c9116]" name="testThreadSafe2" duration-ms="67" started-at="2014-11-12T14:43:25Z" finished-at="2014-11-12T14:43:25Z">
          <reporter-output>
          </reporter-output>
        </test-method> <!-- testThreadSafe2 -->
        <test-method status="PASS" signature="testThreadSafe2()[pri:0, instance:cviceni.Ukol2Test@769c9116]" name="testThreadSafe2" duration-ms="67" started-at="2014-11-12T14:43:25Z" finished-at="2014-11-12T14:43:25Z">
          <reporter-output>
          </reporter-output>
        </test-method> <!-- testThreadSafe2 -->
        <test-method status="PASS" signature="testThreadSafe2()[pri:0, instance:cviceni.Ukol2Test@769c9116]" name="testThreadSafe2" duration-ms="0" started-at="2014-11-12T14:43:25Z" finished-at="2014-11-12T14:43:25Z">
          <reporter-output>
          </reporter-output>
        </test-method> <!-- testThreadSafe2 -->
        <test-method status="PASS" signature="testThreadSafe2()[pri:0, instance:cviceni.Ukol2Test@769c9116]" name="testThreadSafe2" duration-ms="62" started-at="2014-11-12T14:43:25Z" finished-at="2014-11-12T14:43:25Z">
          <reporter-output>
          </reporter-output>
        </test-method> <!-- testThreadSafe2 -->
        <test-method status="PASS" signature="testThreadSafe2()[pri:0, instance:cviceni.Ukol2Test@769c9116]" name="testThreadSafe2" duration-ms="1" started-at="2014-11-12T14:43:25Z" finished-at="2014-11-12T14:43:25Z">
          <reporter-output>
          </reporter-output>
        </test-method> <!-- testThreadSafe2 -->
        <test-method status="PASS" signature="testThreadSafe2()[pri:0, instance:cviceni.Ukol2Test@769c9116]" name="testThreadSafe2" duration-ms="0" started-at="2014-11-12T14:43:25Z" finished-at="2014-11-12T14:43:25Z">
          <reporter-output>
          </reporter-output>
        </test-method> <!-- testThreadSafe2 -->
        <test-method status="PASS" signature="testThreadSafe2()[pri:0, instance:cviceni.Ukol2Test@769c9116]" name="testThreadSafe2" duration-ms="60" started-at="2014-11-12T14:43:25Z" finished-at="2014-11-12T14:43:25Z">
          <reporter-output>
          </reporter-output>
        </test-method> <!-- testThreadSafe2 -->
        <test-method status="PASS" signature="testThreadSafe2()[pri:0, instance:cviceni.Ukol2Test@769c9116]" name="testThreadSafe2" duration-ms="3" started-at="2014-11-12T14:43:25Z" finished-at="2014-11-12T14:43:25Z">
          <reporter-output>
          </reporter-output>
        </test-method> <!-- testThreadSafe2 -->
        <test-method status="PASS" signature="testThreadSafe2()[pri:0, instance:cviceni.Ukol2Test@769c9116]" name="testThreadSafe2" duration-ms="60" started-at="2014-11-12T14:43:25Z" finished-at="2014-11-12T14:43:25Z">
          <reporter-output>
          </reporter-output>
        </test-method> <!-- testThreadSafe2 -->
        <test-method status="PASS" signature="testThreadSafe2()[pri:0, instance:cviceni.Ukol2Test@769c9116]" name="testThreadSafe2" duration-ms="0" started-at="2014-11-12T14:43:25Z" finished-at="2014-11-12T14:43:25Z">
          <reporter-output>
          </reporter-output>
        </test-method> <!-- testThreadSafe2 -->
        <test-method status="PASS" signature="testThreadSafe2()[pri:0, instance:cviceni.Ukol2Test@769c9116]" name="testThreadSafe2" duration-ms="1" started-at="2014-11-12T14:43:25Z" finished-at="2014-11-12T14:43:25Z">
          <reporter-output>
          </reporter-output>
        </test-method> <!-- testThreadSafe2 -->
        <test-method status="PASS" signature="testThreadSafe2()[pri:0, instance:cviceni.Ukol2Test@769c9116]" name="testThreadSafe2" duration-ms="51" started-at="2014-11-12T14:43:25Z" finished-at="2014-11-12T14:43:25Z">
          <reporter-output>
          </reporter-output>
        </test-method> <!-- testThreadSafe2 -->
        <test-method status="PASS" signature="testThreadSafe2()[pri:0, instance:cviceni.Ukol2Test@769c9116]" name="testThreadSafe2" duration-ms="1" started-at="2014-11-12T14:43:25Z" finished-at="2014-11-12T14:43:25Z">
          <reporter-output>
          </reporter-output>
        </test-method> <!-- testThreadSafe2 -->
        <test-method status="PASS" signature="testThreadSafe2()[pri:0, instance:cviceni.Ukol2Test@769c9116]" name="testThreadSafe2" duration-ms="0" started-at="2014-11-12T14:43:25Z" finished-at="2014-11-12T14:43:25Z">
          <reporter-output>
          </reporter-output>
        </test-method> <!-- testThreadSafe2 -->
        <test-method status="PASS" signature="testThreadSafe2()[pri:0, instance:cviceni.Ukol2Test@769c9116]" name="testThreadSafe2" duration-ms="0" started-at="2014-11-12T14:43:25Z" finished-at="2014-11-12T14:43:25Z">
          <reporter-output>
          </reporter-output>
        </test-method> <!-- testThreadSafe2 -->
        <test-method status="PASS" signature="testThreadSafe2()[pri:0, instance:cviceni.Ukol2Test@769c9116]" name="testThreadSafe2" duration-ms="46" started-at="2014-11-12T14:43:25Z" finished-at="2014-11-12T14:43:25Z">
          <reporter-output>
          </reporter-output>
        </test-method> <!-- testThreadSafe2 -->
      </class> <!-- cviceni.Ukol2Test -->
    </test> <!-- Default test -->
  </suite> <!-- Default suite -->
</testng-results>
